<?xml version="1.0" encoding="UTF-8"?>
<testsuite name="com.pwa.ovaApi.OvaApiApplicationTests" tests="1" skipped="0" failures="0" errors="0" timestamp="2022-01-31T04:16:59" hostname="DESKTOP-BDMTR2I" time="0.077">
  <properties/>
  <testcase name="contextLoads()" classname="com.pwa.ovaApi.OvaApiApplicationTests" time="0.077"/>
  <system-out><![CDATA[23:16:53.405 [Test worker] DEBUG org.springframework.test.context.BootstrapUtils - Instantiating CacheAwareContextLoaderDelegate from class [org.springframework.test.context.cache.DefaultCacheAwareContextLoaderDelegate]
23:16:53.412 [Test worker] DEBUG org.springframework.test.context.BootstrapUtils - Instantiating BootstrapContext using constructor [public org.springframework.test.context.support.DefaultBootstrapContext(java.lang.Class,org.springframework.test.context.CacheAwareContextLoaderDelegate)]
23:16:53.435 [Test worker] DEBUG org.springframework.test.context.BootstrapUtils - Instantiating TestContextBootstrapper for test class [com.pwa.ovaApi.OvaApiApplicationTests] from class [org.springframework.boot.test.context.SpringBootTestContextBootstrapper]
23:16:53.443 [Test worker] INFO org.springframework.boot.test.context.SpringBootTestContextBootstrapper - Neither @ContextConfiguration nor @ContextHierarchy found for test class [com.pwa.ovaApi.OvaApiApplicationTests], using SpringBootContextLoader
23:16:53.446 [Test worker] DEBUG org.springframework.test.context.support.AbstractContextLoader - Did not detect default resource location for test class [com.pwa.ovaApi.OvaApiApplicationTests]: class path resource [com/pwa/ovaApi/OvaApiApplicationTests-context.xml] does not exist
23:16:53.447 [Test worker] DEBUG org.springframework.test.context.support.AbstractContextLoader - Did not detect default resource location for test class [com.pwa.ovaApi.OvaApiApplicationTests]: class path resource [com/pwa/ovaApi/OvaApiApplicationTestsContext.groovy] does not exist
23:16:53.447 [Test worker] INFO org.springframework.test.context.support.AbstractContextLoader - Could not detect default resource locations for test class [com.pwa.ovaApi.OvaApiApplicationTests]: no resource found for suffixes {-context.xml, Context.groovy}.
23:16:53.447 [Test worker] INFO org.springframework.test.context.support.AnnotationConfigContextLoaderUtils - Could not detect default configuration classes for test class [com.pwa.ovaApi.OvaApiApplicationTests]: OvaApiApplicationTests does not declare any static, non-private, non-final, nested classes annotated with @Configuration.
23:16:53.478 [Test worker] DEBUG org.springframework.test.context.support.ActiveProfilesUtils - Could not find an 'annotation declaring class' for annotation type [org.springframework.test.context.ActiveProfiles] and class [com.pwa.ovaApi.OvaApiApplicationTests]
23:16:53.520 [Test worker] DEBUG org.springframework.context.annotation.ClassPathScanningCandidateComponentProvider - Identified candidate component class: file [C:\Users\Miguel\Documents\ova-api-heroku\ovaApi\build\classes\java\main\com\pwa\ovaApi\OvaApiApplication.class]
23:16:53.522 [Test worker] INFO org.springframework.boot.test.context.SpringBootTestContextBootstrapper - Found @SpringBootConfiguration com.pwa.ovaApi.OvaApiApplication for test class com.pwa.ovaApi.OvaApiApplicationTests
23:16:53.616 [Test worker] DEBUG org.springframework.boot.test.context.SpringBootTestContextBootstrapper - @TestExecutionListeners is not present for class [com.pwa.ovaApi.OvaApiApplicationTests]: using defaults.
23:16:53.616 [Test worker] INFO org.springframework.boot.test.context.SpringBootTestContextBootstrapper - Loaded default TestExecutionListener class names from location [META-INF/spring.factories]: [org.springframework.boot.test.autoconfigure.restdocs.RestDocsTestExecutionListener, org.springframework.boot.test.autoconfigure.web.client.MockRestServiceServerResetTestExecutionListener, org.springframework.boot.test.autoconfigure.web.servlet.MockMvcPrintOnlyOnFailureTestExecutionListener, org.springframework.boot.test.autoconfigure.web.servlet.WebDriverTestExecutionListener, org.springframework.boot.test.autoconfigure.webservices.client.MockWebServiceServerTestExecutionListener, org.springframework.boot.test.mock.mockito.MockitoTestExecutionListener, org.springframework.boot.test.mock.mockito.ResetMocksTestExecutionListener, org.springframework.test.context.web.ServletTestExecutionListener, org.springframework.test.context.support.DirtiesContextBeforeModesTestExecutionListener, org.springframework.test.context.event.ApplicationEventsTestExecutionListener, org.springframework.test.context.support.DependencyInjectionTestExecutionListener, org.springframework.test.context.support.DirtiesContextTestExecutionListener, org.springframework.test.context.transaction.TransactionalTestExecutionListener, org.springframework.test.context.jdbc.SqlScriptsTestExecutionListener, org.springframework.test.context.event.EventPublishingTestExecutionListener]
23:16:53.631 [Test worker] INFO org.springframework.boot.test.context.SpringBootTestContextBootstrapper - Using TestExecutionListeners: [org.springframework.test.context.web.ServletTestExecutionListener@df5f5c0, org.springframework.test.context.support.DirtiesContextBeforeModesTestExecutionListener@308a6984, org.springframework.test.context.event.ApplicationEventsTestExecutionListener@66b72664, org.springframework.boot.test.mock.mockito.MockitoTestExecutionListener@7a34b7b8, org.springframework.boot.test.autoconfigure.SpringBootDependencyInjectionTestExecutionListener@58cd06cb, org.springframework.test.context.support.DirtiesContextTestExecutionListener@3be8821f, org.springframework.test.context.transaction.TransactionalTestExecutionListener@64b31700, org.springframework.test.context.jdbc.SqlScriptsTestExecutionListener@3b65e559, org.springframework.test.context.event.EventPublishingTestExecutionListener@bae47a0, org.springframework.boot.test.autoconfigure.restdocs.RestDocsTestExecutionListener@74a9c4b0, org.springframework.boot.test.autoconfigure.web.client.MockRestServiceServerResetTestExecutionListener@85ec632, org.springframework.boot.test.autoconfigure.web.servlet.MockMvcPrintOnlyOnFailureTestExecutionListener@1c05a54d, org.springframework.boot.test.autoconfigure.web.servlet.WebDriverTestExecutionListener@65ef722a, org.springframework.boot.test.autoconfigure.webservices.client.MockWebServiceServerTestExecutionListener@5fd9b663, org.springframework.boot.test.mock.mockito.ResetMocksTestExecutionListener@214894fc]
23:16:53.634 [Test worker] DEBUG org.springframework.test.context.support.AbstractDirtiesContextTestExecutionListener - Before test class: context [DefaultTestContext@3add81c4 testClass = OvaApiApplicationTests, testInstance = [null], testMethod = [null], testException = [null], mergedContextConfiguration = [WebMergedContextConfiguration@1a1d3c1a testClass = OvaApiApplicationTests, locations = '{}', classes = '{class com.pwa.ovaApi.OvaApiApplication}', contextInitializerClasses = '[]', activeProfiles = '{}', propertySourceLocations = '{}', propertySourceProperties = '{org.springframework.boot.test.context.SpringBootTestContextBootstrapper=true}', contextCustomizers = set[org.springframework.boot.test.autoconfigure.actuate.metrics.MetricsExportContextCustomizerFactory$DisableMetricExportContextCustomizer@3f792b9b, org.springframework.boot.test.autoconfigure.properties.PropertyMappingContextCustomizer@0, org.springframework.boot.test.autoconfigure.web.servlet.WebDriverContextCustomizerFactory$Customizer@26425897, org.springframework.boot.test.context.filter.ExcludeFilterContextCustomizer@20a8a64e, org.springframework.boot.test.json.DuplicateJsonObjectContextCustomizerFactory$DuplicateJsonObjectContextCustomizer@4504d271, org.springframework.boot.test.mock.mockito.MockitoContextCustomizer@0, org.springframework.boot.test.web.client.TestRestTemplateContextCustomizer@30bcf3c1, org.springframework.boot.test.context.SpringBootTestArgs@1, org.springframework.boot.test.context.SpringBootTestWebEnvironment@1cf56a1c], resourceBasePath = 'src/main/webapp', contextLoader = 'org.springframework.boot.test.context.SpringBootContextLoader', parent = [null]], attributes = map['org.springframework.test.context.web.ServletTestExecutionListener.activateListener' -> true]], class annotated with @DirtiesContext [false] with mode [null].
23:16:53.674 [Test worker] DEBUG org.springframework.boot.ApplicationServletEnvironment - Activating profiles []
23:16:53.674 [Test worker] DEBUG org.springframework.test.context.support.TestPropertySourceUtils - Adding inlined properties to environment: {spring.jmx.enabled=false, org.springframework.boot.test.context.SpringBootTestContextBootstrapper=true}

  .   ____          _            __ _ _
 /\\ / ___'_ __ _ _(_)_ __  __ _ \ \ \ \
( ( )\___ | '_ | '_| | '_ \/ _` | \ \ \ \
 \\/  ___)| |_)| | | | | || (_| |  ) ) ) )
  '  |____| .__|_| |_|_| |_\__, | / / / /
 =========|_|==============|___/=/_/_/_/
 :: Spring Boot ::                (v2.6.2)

2022-01-30 23:16:53.857  INFO 9956 --- [    Test worker] com.pwa.ovaApi.OvaApiApplicationTests    : Starting OvaApiApplicationTests using Java 11.0.12 on DESKTOP-BDMTR2I with PID 9956 (started by Miguel in C:\Users\Miguel\Documents\ova-api-heroku\ovaApi)
2022-01-30 23:16:53.858  INFO 9956 --- [    Test worker] com.pwa.ovaApi.OvaApiApplicationTests    : No active profile set, falling back to default profiles: default
2022-01-30 23:16:54.337  INFO 9956 --- [    Test worker] .s.d.r.c.RepositoryConfigurationDelegate : Multiple Spring Data modules found, entering strict repository configuration mode!
2022-01-30 23:16:54.338  INFO 9956 --- [    Test worker] .s.d.r.c.RepositoryConfigurationDelegate : Bootstrapping Spring Data JDBC repositories in DEFAULT mode.
2022-01-30 23:16:54.364  INFO 9956 --- [    Test worker] .RepositoryConfigurationExtensionSupport : Spring Data JDBC - Could not safely identify store assignment for repository candidate interface com.pwa.ovaApi.Repositories.OvaRepository. If you want this repository to be a JDBC repository, consider annotating your entities with one of these annotations: org.springframework.data.relational.core.mapping.Table.
2022-01-30 23:16:54.366  INFO 9956 --- [    Test worker] .RepositoryConfigurationExtensionSupport : Spring Data JDBC - Could not safely identify store assignment for repository candidate interface com.pwa.ovaApi.Repositories.ScoreRepository. If you want this repository to be a JDBC repository, consider annotating your entities with one of these annotations: org.springframework.data.relational.core.mapping.Table.
2022-01-30 23:16:54.367  INFO 9956 --- [    Test worker] .RepositoryConfigurationExtensionSupport : Spring Data JDBC - Could not safely identify store assignment for repository candidate interface com.pwa.ovaApi.Repositories.UserRepository. If you want this repository to be a JDBC repository, consider annotating your entities with one of these annotations: org.springframework.data.relational.core.mapping.Table.
2022-01-30 23:16:54.368  INFO 9956 --- [    Test worker] .s.d.r.c.RepositoryConfigurationDelegate : Finished Spring Data repository scanning in 25 ms. Found 0 JDBC repository interfaces.
2022-01-30 23:16:54.374  INFO 9956 --- [    Test worker] .s.d.r.c.RepositoryConfigurationDelegate : Multiple Spring Data modules found, entering strict repository configuration mode!
2022-01-30 23:16:54.375  INFO 9956 --- [    Test worker] .s.d.r.c.RepositoryConfigurationDelegate : Bootstrapping Spring Data JPA repositories in DEFAULT mode.
2022-01-30 23:16:54.403  INFO 9956 --- [    Test worker] .s.d.r.c.RepositoryConfigurationDelegate : Finished Spring Data repository scanning in 25 ms. Found 3 JPA repository interfaces.
2022-01-30 23:16:54.799  INFO 9956 --- [    Test worker] o.hibernate.jpa.internal.util.LogHelper  : HHH000204: Processing PersistenceUnitInfo [name: default]
2022-01-30 23:16:54.845  INFO 9956 --- [    Test worker] org.hibernate.Version                    : HHH000412: Hibernate ORM core version 5.6.3.Final
2022-01-30 23:16:54.989  INFO 9956 --- [    Test worker] o.hibernate.annotations.common.Version   : HCANN000001: Hibernate Commons Annotations {5.1.2.Final}
2022-01-30 23:16:55.091  INFO 9956 --- [    Test worker] com.zaxxer.hikari.HikariDataSource       : HikariPool-1 - Starting...
2022-01-30 23:16:56.423  INFO 9956 --- [    Test worker] com.zaxxer.hikari.HikariDataSource       : HikariPool-1 - Start completed.
2022-01-30 23:16:56.435  INFO 9956 --- [    Test worker] org.hibernate.dialect.Dialect            : HHH000400: Using dialect: org.hibernate.dialect.MySQL5Dialect
2022-01-30 23:16:56.680  WARN 9956 --- [    Test worker] org.hibernate.mapping.RootClass          : HHH000038: Composite-id class does not override equals(): com.pwa.ovaApi.Entities.ScoreId
2022-01-30 23:16:56.681  WARN 9956 --- [    Test worker] org.hibernate.mapping.RootClass          : HHH000039: Composite-id class does not override hashCode(): com.pwa.ovaApi.Entities.ScoreId
2022-01-30 23:16:57.753  INFO 9956 --- [    Test worker] o.h.e.t.j.p.i.JtaPlatformInitiator       : HHH000490: Using JtaPlatform implementation: [org.hibernate.engine.transaction.jta.platform.internal.NoJtaPlatform]
2022-01-30 23:16:57.760  INFO 9956 --- [    Test worker] j.LocalContainerEntityManagerFactoryBean : Initialized JPA EntityManagerFactory for persistence unit 'default'
2022-01-30 23:16:58.590  WARN 9956 --- [    Test worker] JpaBaseConfiguration$JpaWebConfiguration : spring.jpa.open-in-view is enabled by default. Therefore, database queries may be performed during view rendering. Explicitly configure spring.jpa.open-in-view to disable this warning
2022-01-30 23:16:59.054  WARN 9956 --- [    Test worker] o.s.data.convert.CustomConversions       : Registering converter from class java.time.OffsetDateTime to class org.springframework.data.jdbc.core.convert.JdbcValue as writing converter although it doesn't convert to a store-supported type! You might want to check your annotation setup at the converter implementation.
2022-01-30 23:16:59.126  INFO 9956 --- [    Test worker] com.pwa.ovaApi.OvaApiApplicationTests    : Started OvaApiApplicationTests in 5.451 seconds (JVM running for 6.385)
]]></system-out>
  <system-err><![CDATA[]]></system-err>
</testsuite>
